<?xml version="1.0" encoding="UTF-8"?>
<!-- Generated by org.testng.reporters.JUnitReportReporter -->
<testsuite hostname="DESKTOP-U57RU64" failures="0" tests="1" name="tests.Task2" time="11.579" errors="0" timestamp="2022-09-06T21:04:07 CEST" skipped="0">
  <testcase classname="tests.Task2" name="FindRoute" time="11.579"/>
  <system-out/>
</testsuite> <!-- tests.Task2 -->
